<?xml version="1.0" encoding="UTF-8"?>
<!--
To change this license header, choose License Headers in Project Properties.
To change this template file, choose Tools | Templates
and open the template in the editor.
-->
<beans xmlns="http://www.springframework.org/schema/beans"
       xmlns:xsi="http://www.w3.org/2001/XMLSchema-instance"
       xmlns:context="http://www.springframework.org/schema/context"
       xmlns:jpa="http://www.springframework.org/schema/data/jpa"
       xsi:schemaLocation="http://www.springframework.org/schema/beans
                        http://www.springframework.org/schema/beans/spring-beans-3.0.xsd
                        http://www.springframework.org/schema/context
                        http://www.springframework.org/schema/context/spring-context.xsd
                        http://www.springframework.org/schema/data/jpa
                        http://www.springframework.org/schema/data/jpa/spring-jpa.xsd">

    <!--включение автоматического связывания посредством аннотаций
        учитывает аннотации в бинах, объявленных в xml файле.Т.е. автоматически связывает по аннотациям,
         но не добавляет бины в контекст-->
    <context:annotation-config/>

    <!--Ищет быны в пакете отмеченные аннотациями Спринга создает бины и связывает их(т.е. бины уже не надо
    объявлять в xml) -->
    <context:component-scan base-package="com.ardecs.SpringDataJpaXml"/>


    <!--&lt;!&ndash;Внедрение менеджера сущностей с помощью Спринг&ndash;&gt;-->
    <!--<bean class="org.springframework.orm.jpa.support.PersistenceAnnotationBeanPostProcessor"/>-->

    <!--преобразования специализированных исключений в универсальные исключения Spring.-->
    <bean class="org.springframework.dao.annotation.PersistenceExceptionTranslationPostProcessor"/>

    <!--Спринг сканирует пакет на наличие репозиториев отмеченных аннотацией @Repository-->
    <jpa:repositories base-package="com.ardecs.SpringDataJpaXml" transaction-manager-ref="txManager"/>



    <!--<bean id="repository" class="com.ardecs.SpringDataJpaXmll.CountryRepository" abstract="true">-->
    <!--</bean>-->

    <!--Настройка менеджера транзакций-->
    <bean id="txManager" class="org.springframework.orm.jpa.JpaTransactionManager">
        <property name="entityManagerFactory" ref="entityManagerFactory"/>
    </bean>

    <!--<bean id="repository" class="com.ardecs.SpringDataJpaXmll.CountryRepository" abstract="true"/>-->

    <!--Настройка фабрики диспетчера сущностей(управляемых контейнером)-->
    <bean id="entityManagerFactory" class=
            "org.springframework.orm.jpa.LocalContainerEntityManagerFactoryBean">
        <property name="dataSource" ref="dataSource"/>
        <!--<property name="jpaVendorAdapter" ref="jpaVendorAdapter"/>-->
        <property name="persistenceUnitName" value="testingMySQLBase"/>
    </bean>

    <!--dataSource-->
    <bean id="dataSource"
          class="org.springframework.jdbc.datasource.DriverManagerDataSource">
        <property name="driverClassName"    value="com.mysql.jdbc.Driver"/>
        <property name="url"   value="jdbc:mysql://localhost:3306/iShop?zeroDateTimeBehavior=convertToNull"/>
        <property name="username" value="root"/>
        <property name="password" value="123456"/>
    </bean>
    <!--&lt;!&ndash;Выбор поставщика постоянства&ndash;&gt;-->
    <!--<bean id="jpaVendorAdapter"-->
          <!--class="org.springframework.orm.jpa.vendor.HibernateJpaVendorAdapter">-->
        <!--<property name="database" value="MYSQL"/>-->
        <!--<property name="showSql" value="true"/>-->
        <!--<property name="generateDdl" value="false"/>-->
        <!--<property name="databasePlatform"-->
                  <!--value="org.hibernate.dialect.MySQL57Dialect"/>-->
    <!--</bean>-->
</beans>